<?xml version="1.0" encoding="UTF-8"?>
<!-- Generated by org.testng.reporters.JUnitReportReporter -->
<testsuite skipped="6" hostname="Deepali-AK" name="com.tests.TC002_SchemaValidation_Deepali" tests="7" failures="0" timestamp="2020-07-06T16:07:20 IST" time="4.180" errors="0">
  <testcase name="pathParameterNormal" time="4.180" classname="com.tests.TC002_SchemaValidation_Deepali"/>
  <system-out/>
  <testcase name="getResponseInPOJO" classname="com.tests.TC002_SchemaValidation_Deepali">
    <skipped/>
  </testcase> <!-- getResponseInPOJO -->
  <system-out/>
  <testcase name="testJsonSchemaBdd" classname="com.tests.TC002_SchemaValidation_Deepali">
    <skipped/>
  </testcase> <!-- testJsonSchemaBdd -->
  <system-out/>
  <testcase name="pathParameterBDD" classname="com.tests.TC002_SchemaValidation_Deepali">
    <skipped/>
  </testcase> <!-- pathParameterBDD -->
  <system-out/>
  <testcase name="testJsonSchemaNormal" classname="com.tests.TC002_SchemaValidation_Deepali">
    <skipped/>
  </testcase> <!-- testJsonSchemaNormal -->
  <system-out/>
  <testcase name="queryParameterNormal" classname="com.tests.TC002_SchemaValidation_Deepali">
    <skipped/>
  </testcase> <!-- queryParameterNormal -->
  <system-out/>
  <testcase name="queryParameterBDD" classname="com.tests.TC002_SchemaValidation_Deepali">
    <skipped/>
  </testcase> <!-- queryParameterBDD -->
  <system-out/>
</testsuite> <!-- com.tests.TC002_SchemaValidation_Deepali -->
