<?xml version="1.0" encoding="UTF-8"?>
<!-- Generated by org.testng.reporters.JUnitReportReporter -->
<testsuite skipped="2" hostname="Deepali-AK" name="com.tests.TC003_PojoConceptsSeri_Deepali" tests="3" failures="0" timestamp="2020-07-07T17:21:04 IST" time="2.866" errors="0">
  <testcase name="testSerializationNormal" time="2.866" classname="com.tests.TC003_PojoConceptsSeri_Deepali"/>
  <system-out>
Loading Properties File Properties File Loaded HTTP request created Base URI :https://reqres.in/api/register HTTP response created Base URL :https://reqres.in/api/  </system-out>
  <testcase name="testSerializationBDD" classname="com.tests.TC003_PojoConceptsSeri_Deepali">
    <skipped/>
  </testcase> <!-- testSerializationBDD -->
  <system-out/>
  <testcase name="postRequestNormal" classname="com.tests.TC003_PojoConceptsSeri_Deepali">
    <skipped/>
  </testcase> <!-- postRequestNormal -->
  <system-out/>
</testsuite> <!-- com.tests.TC003_PojoConceptsSeri_Deepali -->
